Mon Jun 21 23:21:32 ICT 2021 : Apache Derby Network Server - 10.11.1.2 - (1629631) started and ready to accept connections on port 1527
----------------------------------------------------------------
Mon Jun 21 23:21:32 ICT 2021:
Booting Derby version The Apache Software Foundation - Apache Derby - 10.11.1.2 - (1629631): instance a816c00e-017a-2f60-81f5-000014bf0eb2 
on database directory /Users/nguyenphong/Documents/GitHub/ATM/src/Jars/ATMS with class loader sun.misc.Launcher$AppClassLoader@66d3c617 
Loaded from file:/Library/Java/JavaVirtualMachines/jdk1.8.0_111.jdk/Contents/Home/db/lib/derby.jar
java.vendor=Oracle Corporation
java.runtime.version=1.8.0_111-b14
user.dir=/Library/Java/JavaVirtualMachines/jdk1.8.0_111.jdk/Contents/Home/db
os.name=Mac OS X
os.arch=x86_64
os.version=10.14.6
derby.system.home=/Users/nguyenphong/Documents/GitHub/ATM/src/Jars
Database Class Loader started - derby.database.classpath=''
----------------------------------------------------------------
Mon Jun 21 23:21:34 ICT 2021:
Shutting down instance a816c00e-017a-2f60-81f5-000014bf0eb2 on database directory /Users/nguyenphong/Documents/GitHub/ATM/src/Jars/ATMS with class loader sun.misc.Launcher$AppClassLoader@66d3c617 
Mon Jun 21 23:21:34 ICT 2021 Thread[DRDAConnThread_3,5,main] (DATABASE = ATMS), (DRDAID = {2}), Database 'ATMS' shutdown.
----------------------------------------------------------------
Mon Jun 21 23:22:12 ICT 2021:
Booting Derby version The Apache Software Foundation - Apache Derby - 10.11.1.2 - (1629631): instance a65c80ac-017a-2f60-81f5-000014bf0eb2 
on database directory /Users/nguyenphong/Documents/GitHub/ATM/src/Jars/ATMS with class loader sun.misc.Launcher$AppClassLoader@66d3c617 
Loaded from file:/Library/Java/JavaVirtualMachines/jdk1.8.0_111.jdk/Contents/Home/db/lib/derby.jar
java.vendor=Oracle Corporation
java.runtime.version=1.8.0_111-b14
user.dir=/Library/Java/JavaVirtualMachines/jdk1.8.0_111.jdk/Contents/Home/db
os.name=Mac OS X
os.arch=x86_64
os.version=10.14.6
derby.system.home=/Users/nguyenphong/Documents/GitHub/ATM/src/Jars
Database Class Loader started - derby.database.classpath=''
